<?xml version="1.0" encoding="UTF-8"?>
<!-- Generated by org.testng.reporters.JUnitReportReporter -->
<testsuite hostname="ramesh" failures="0" tests="11" name="com.demo.forms.SignUpPageForm" time="4.032" errors="0" timestamp="2022-04-18T22:20:09 IST" skipped="1">
  <testcase classname="com.demo.forms.SignUpPageForm" name="clickOnSignUpForm" time="1.489"/>
  <system-out/>
  <testcase classname="com.demo.forms.SignUpPageForm" name="enterUserName" time="0.298"/>
  <system-out/>
  <testcase classname="com.demo.forms.SignUpPageForm" name="enterEmailID" time="0.261"/>
  <system-out/>
  <testcase classname="com.demo.forms.SignUpPageForm" name="enterTelePhoneNumber" time="0.230"/>
  <system-out/>
  <testcase classname="com.demo.forms.SignUpPageForm" name="enterFaxNum" time="0.068"/>
  <system-out/>
  <testcase classname="com.demo.forms.SignUpPageForm" name="uploadFile" time="0.340"/>
  <system-out/>
  <testcase classname="com.demo.forms.SignUpPageForm" name="selectGender" time="0.323"/>
  <system-out/>
  <testcase classname="com.demo.forms.SignUpPageForm" name="selectYearsOfExp" time="0.395"/>
  <system-out/>
  <testcase classname="com.demo.forms.SignUpPageForm" name="selectSkills" time="0.339"/>
  <system-out/>
  <testcase classname="com.demo.forms.SignUpPageForm" name="selectAutomationTool" time="0.289"/>
  <system-out/>
  <testcase classname="com.demo.forms.SignUpPageForm" name="validateText">
    <skipped/>
  </testcase> <!-- validateText -->
  <system-out/>
</testsuite> <!-- com.demo.forms.SignUpPageForm -->
