<?xml version="1.0" encoding="UTF-8"?>
<!-- Generated by org.testng.reporters.JUnitReportReporter -->
<testsuite hostname="ramesh" failures="0" tests="5" name="com.demo.forms.WebTableMain" time="2.128" errors="0" timestamp="2022-05-04T16:47:28 IST" skipped="1">
  <testcase classname="com.demo.forms.WebTableMain" name="selectWebTableLink" time="1.548"/>
  <system-out/>
  <testcase classname="com.demo.forms.WebTableMain" name="getColumnSizeFromTable" time="0.071"/>
  <system-out/>
  <testcase classname="com.demo.forms.WebTableMain" name="getRowSizeFromTable" time="0.057"/>
  <system-out/>
  <testcase classname="com.demo.forms.WebTableMain" name="tabledata" time="0.452"/>
  <system-out/>
  <testcase classname="com.demo.forms.WebTableMain" name="checkBoxfromTable">
    <skipped/>
  </testcase> <!-- checkBoxfromTable -->
  <system-out/>
</testsuite> <!-- com.demo.forms.WebTableMain -->
