<?xml version="1.0" encoding="UTF-8"?>
<!-- Generated by org.testng.reporters.JUnitReportReporter -->
<testsuite hostname="ramesh" failures="0" tests="4" name="com.demo.alert.AlertDemo" time="16.249" errors="0" timestamp="2022-05-04T16:47:28 IST" skipped="0">
  <testcase classname="com.demo.alert.AlertDemo" name="acceptButtonOk" time="0.197"/>
  <system-out/>
  <testcase classname="com.demo.alert.AlertDemo" name="acceptAfter5Sec" time="5.466"/>
  <system-out/>
  <testcase classname="com.demo.alert.AlertDemo" name="dismissButton" time="5.202"/>
  <system-out/>
  <testcase classname="com.demo.alert.AlertDemo" name="promptButton" time="5.384"/>
  <system-out/>
</testsuite> <!-- com.demo.alert.AlertDemo -->
