<?xml version="1.0" encoding="UTF-8"?>
<!-- Generated by org.testng.reporters.JUnitReportReporter -->
<testsuite hostname="ramesh" failures="0" tests="2" name="com.demo.forms.NestedFrame" time="1.751" errors="0" timestamp="2022-05-04T16:47:28 IST" skipped="0">
  <testcase classname="com.demo.forms.NestedFrame" name="enterText" time="0.412"/>
  <system-out/>
  <testcase classname="com.demo.forms.NestedFrame" name="switchToFrame1" time="1.339"/>
  <system-out/>
</testsuite> <!-- com.demo.forms.NestedFrame -->
