<?xml version="1.0" encoding="UTF-8"?>
<!-- Generated by org.testng.reporters.JUnitReportReporter -->
<testsuite hostname="ramesh" failures="0" tests="11" name="com.demo.forms.Signupmainform" time="4.026" errors="0" timestamp="2022-05-04T16:47:28 IST" skipped="1">
  <testcase classname="com.demo.forms.Signupmainform" name="clickOnSignUpForm" time="1.310"/>
  <system-out/>
  <testcase classname="com.demo.forms.Signupmainform" name="enterUserName" time="0.307"/>
  <system-out/>
  <testcase classname="com.demo.forms.Signupmainform" name="enterEmailID" time="0.294"/>
  <system-out/>
  <testcase classname="com.demo.forms.Signupmainform" name="enterTelePhoneNumber" time="0.269"/>
  <system-out/>
  <testcase classname="com.demo.forms.Signupmainform" name="enterFaxNum" time="0.074"/>
  <system-out/>
  <testcase classname="com.demo.forms.Signupmainform" name="uploadFile" time="0.366"/>
  <system-out/>
  <testcase classname="com.demo.forms.Signupmainform" name="selectGender" time="0.330"/>
  <system-out/>
  <testcase classname="com.demo.forms.Signupmainform" name="selectYearsOfExp" time="0.397"/>
  <system-out/>
  <testcase classname="com.demo.forms.Signupmainform" name="selectSkills" time="0.359"/>
  <system-out/>
  <testcase classname="com.demo.forms.Signupmainform" name="selectAutomationTool" time="0.320"/>
  <system-out/>
  <testcase classname="com.demo.forms.Signupmainform" name="validateText">
    <skipped/>
  </testcase> <!-- validateText -->
  <system-out/>
</testsuite> <!-- com.demo.forms.Signupmainform -->
