<?xml version="1.0" encoding="UTF-8"?>
<!-- Generated by org.testng.reporters.JUnitReportReporter -->
<testsuite hostname="ramesh" failures="0" tests="5" name="com.demo.forms.FrameForm" time="1.840" errors="0" timestamp="2022-05-04T16:47:28 IST" skipped="0">
  <testcase classname="com.demo.forms.FrameForm" name="clickOnFrame" time="1.189"/>
  <system-out/>
  <testcase classname="com.demo.forms.FrameForm" name="enterUserName" time="0.332"/>
  <system-out/>
  <testcase classname="com.demo.forms.FrameForm" name="clickOnLink" time="0.277"/>
  <system-out/>
  <testcase classname="com.demo.forms.FrameForm" name="mainHandel" time="0.014"/>
  <system-out/>
  <testcase classname="com.demo.forms.FrameForm" name="allChildhandels" time="0.028"/>
  <system-out/>
</testsuite> <!-- com.demo.forms.FrameForm -->
