<?xml version="1.0" encoding="UTF-8"?>
<!-- Generated by org.testng.reporters.JUnitReportReporter -->
<testsuite ignored="2" hostname="ramesh" failures="0" tests="5" name="com.demo.forms.FrameForm" time="2.207" errors="0" timestamp="04 May 2022 19:03:45 GMT" skipped="0">
  <testcase classname="com.demo.forms.FrameForm" name="clickOnLink" time="0.374"/>
  <testcase classname="com.demo.forms.FrameForm" name="clickOnFrame" time="1.449"/>
  <testcase classname="com.demo.forms.FrameForm" name="enterUserName" time="0.352"/>
  <testcase classname="com.demo.forms.FrameForm" name="mainHandel" time="0.021"/>
  <testcase classname="com.demo.forms.FrameForm" name="allChildhandels" time="0.011"/>
  <testcase classname="com.demo.forms.WebTableMain" name="checkBoxfromTable">
    <skipped/>
  </testcase> <!-- checkBoxfromTable -->
  <testcase classname="com.demo.forms.Signupmainform" name="validateText">
    <skipped/>
  </testcase> <!-- validateText -->
</testsuite> <!-- com.demo.forms.FrameForm -->
