<?xml version="1.0" encoding="UTF-8"?>
<!-- Generated by org.testng.reporters.JUnitReportReporter -->
<testsuite ignored="2" hostname="ramesh" failures="0" tests="10" name="com.demo.forms.Signupmainform" time="3.941" errors="0" timestamp="04 May 2022 19:03:45 GMT" skipped="0">
  <testcase classname="com.demo.forms.Signupmainform" name="uploadFile" time="0.349"/>
  <testcase classname="com.demo.forms.Signupmainform" name="clickOnSignUpForm" time="1.342"/>
  <testcase classname="com.demo.forms.Signupmainform" name="enterEmailID" time="0.283"/>
  <testcase classname="com.demo.forms.Signupmainform" name="selectAutomationTool" time="0.327"/>
  <testcase classname="com.demo.forms.Signupmainform" name="selectGender" time="0.311"/>
  <testcase classname="com.demo.forms.Signupmainform" name="selectSkills" time="0.357"/>
  <testcase classname="com.demo.forms.Signupmainform" name="enterFaxNum" time="0.060"/>
  <testcase classname="com.demo.forms.Signupmainform" name="selectYearsOfExp" time="0.389"/>
  <testcase classname="com.demo.forms.Signupmainform" name="enterUserName" time="0.298"/>
  <testcase classname="com.demo.forms.Signupmainform" name="enterTelePhoneNumber" time="0.225"/>
  <testcase classname="com.demo.forms.WebTableMain" name="checkBoxfromTable">
    <skipped/>
  </testcase> <!-- checkBoxfromTable -->
  <testcase classname="com.demo.forms.Signupmainform" name="validateText">
    <skipped/>
  </testcase> <!-- validateText -->
</testsuite> <!-- com.demo.forms.Signupmainform -->
