<?xml version="1.0" encoding="UTF-8"?>
<!-- Generated by org.testng.reporters.JUnitReportReporter -->
<testsuite ignored="2" hostname="ramesh" failures="0" tests="2" name="com.demo.forms.NestedFrame" time="4.782" errors="0" timestamp="04 May 2022 19:03:45 GMT" skipped="0">
  <testcase classname="com.demo.forms.NestedFrame" name="enterText" time="0.909"/>
  <testcase classname="com.demo.forms.NestedFrame" name="switchToFrame1" time="3.873"/>
  <testcase classname="com.demo.forms.WebTableMain" name="checkBoxfromTable">
    <skipped/>
  </testcase> <!-- checkBoxfromTable -->
  <testcase classname="com.demo.forms.Signupmainform" name="validateText">
    <skipped/>
  </testcase> <!-- validateText -->
</testsuite> <!-- com.demo.forms.NestedFrame -->
