<?xml version="1.0" encoding="UTF-8"?>
<!-- Generated by org.testng.reporters.JUnitReportReporter -->
<testsuite ignored="2" hostname="ramesh" failures="0" tests="4" name="com.demo.alert.AlertDemo" time="16.844" errors="0" timestamp="04 May 2022 19:03:45 GMT" skipped="0">
  <testcase classname="com.demo.alert.AlertDemo" name="acceptAfter5Sec" time="5.962"/>
  <testcase classname="com.demo.alert.AlertDemo" name="dismissButton" time="5.279"/>
  <testcase classname="com.demo.alert.AlertDemo" name="promptButton" time="5.384"/>
  <testcase classname="com.demo.alert.AlertDemo" name="acceptButtonOk" time="0.219"/>
  <testcase classname="com.demo.forms.WebTableMain" name="checkBoxfromTable">
    <skipped/>
  </testcase> <!-- checkBoxfromTable -->
  <testcase classname="com.demo.forms.Signupmainform" name="validateText">
    <skipped/>
  </testcase> <!-- validateText -->
</testsuite> <!-- com.demo.alert.AlertDemo -->
