<?xml version="1.0" encoding="UTF-8"?>
<!-- Generated by org.testng.reporters.JUnitReportReporter -->
<testsuite ignored="2" hostname="ramesh" failures="0" tests="4" name="com.demo.forms.WebTableMain" time="2.176" errors="0" timestamp="04 May 2022 19:03:45 GMT" skipped="0">
  <testcase classname="com.demo.forms.WebTableMain" name="tabledata" time="0.423"/>
  <testcase classname="com.demo.forms.WebTableMain" name="selectWebTableLink" time="1.625"/>
  <testcase classname="com.demo.forms.WebTableMain" name="getRowSizeFromTable" time="0.058"/>
  <testcase classname="com.demo.forms.WebTableMain" name="getColumnSizeFromTable" time="0.070"/>
  <testcase classname="com.demo.forms.WebTableMain" name="checkBoxfromTable">
    <skipped/>
  </testcase> <!-- checkBoxfromTable -->
  <testcase classname="com.demo.forms.Signupmainform" name="validateText">
    <skipped/>
  </testcase> <!-- validateText -->
</testsuite> <!-- com.demo.forms.WebTableMain -->
